{"numFailedTestSuites":1,"numFailedTests":2,"numPassedTestSuites":0,"numPassedTests":0,"numPendingTestSuites":0,"numPendingTests":0,"numRuntimeErrorTestSuites":0,"numTodoTests":0,"numTotalTestSuites":1,"numTotalTests":2,"openHandles":[],"snapshot":{"added":0,"didUpdate":false,"failure":false,"filesAdded":0,"filesRemoved":0,"filesRemovedList":[],"filesUnmatched":0,"filesUpdated":0,"matched":0,"total":0,"unchecked":0,"uncheckedKeysByFile":[],"unmatched":0,"updated":0},"startTime":1754219346414,"success":false,"testResults":[{"assertionResults":[{"ancestorTitles":["PASSCODE obfuscation"],"duration":6,"failing":false,"failureDetails":[{"matcherResult":{"actual":"¾§º#¾§©º¾¥ ","expected":"con-council","message":"\u001b[2mexpect(\u001b[22m\u001b[31mreceived\u001b[39m\u001b[2m).\u001b[22mtoBe\u001b[2m(\u001b[22m\u001b[32mexpected\u001b[39m\u001b[2m) // Object.is equality\u001b[22m\n\nExpected: \u001b[32m\"con-council\"\u001b[39m\nReceived: \u001b[31m\"¾§º#¾§©º¾¥ \"\u001b[39m","name":"toBe","pass":false}}],"failureMessages":["Error: \u001b[2mexpect(\u001b[22m\u001b[31mreceived\u001b[39m\u001b[2m).\u001b[22mtoBe\u001b[2m(\u001b[22m\u001b[32mexpected\u001b[39m\u001b[2m) // Object.is equality\u001b[22m\n\nExpected: \u001b[32m\"con-council\"\u001b[39m\nReceived: \u001b[31m\"¾§º#¾§©º¾¥ \"\u001b[39m\n    at Object.<anonymous> (C:\\git\\torn-faction-hof\\src\\components\\council\\CouncilUtil.test.ts:5:22)\n    at Promise.finally.completed (C:\\git\\torn-faction-hof\\node_modules\\jest-circus\\build\\jestAdapterInit.js:1559:28)\n    at new Promise (<anonymous>)\n    at callAsyncCircusFn (C:\\git\\torn-faction-hof\\node_modules\\jest-circus\\build\\jestAdapterInit.js:1499:10)\n    at _callCircusTest (C:\\git\\torn-faction-hof\\node_modules\\jest-circus\\build\\jestAdapterInit.js:1009:40)\n    at processTicksAndRejections (node:internal/process/task_queues:95:5)\n    at async _runTest (C:\\git\\torn-faction-hof\\node_modules\\jest-circus\\build\\jestAdapterInit.js:949:3)\n    at async _runTestsForDescribeBlock (C:\\git\\torn-faction-hof\\node_modules\\jest-circus\\build\\jestAdapterInit.js:839:13)\n    at async _runTestsForDescribeBlock (C:\\git\\torn-faction-hof\\node_modules\\jest-circus\\build\\jestAdapterInit.js:829:11)\n    at async run (C:\\git\\torn-faction-hof\\node_modules\\jest-circus\\build\\jestAdapterInit.js:757:3)\n    at async runAndTransformResultsToJestFormat (C:\\git\\torn-faction-hof\\node_modules\\jest-circus\\build\\jestAdapterInit.js:1920:21)\n    at async jestAdapter (C:\\git\\torn-faction-hof\\node_modules\\jest-circus\\build\\runner.js:101:19)\n    at async runTestInternal (C:\\git\\torn-faction-hof\\node_modules\\jest-runner\\build\\index.js:275:16)\n    at async runTest (C:\\git\\torn-faction-hof\\node_modules\\jest-runner\\build\\index.js:343:7)"],"fullName":"PASSCODE obfuscation should correctly decode the obfuscated passcode to 'con-council'","invocations":1,"location":null,"numPassingAsserts":0,"retryReasons":[],"startAt":1754219348955,"status":"failed","title":"should correctly decode the obfuscated passcode to 'con-council'"},{"ancestorTitles":["PASSCODE obfuscation"],"duration":4,"failing":false,"failureDetails":[{"matcherResult":{"actual":[1324,728,751,390,1324,728,1038,751,1324,754,725],"expected":[],"message":"\u001b[2mexpect(\u001b[22m\u001b[31mreceived\u001b[39m\u001b[2m).\u001b[22mtoEqual\u001b[2m(\u001b[22m\u001b[32mexpected\u001b[39m\u001b[2m) // deep equality\u001b[22m\n\n\u001b[32m- Expected  -  1\u001b[39m\n\u001b[31m+ Received  + 13\u001b[39m\n\n\u001b[32m- Array []\u001b[39m\n\u001b[31m+ Array [\u001b[39m\n\u001b[31m+   1324,\u001b[39m\n\u001b[31m+   728,\u001b[39m\n\u001b[31m+   751,\u001b[39m\n\u001b[31m+   390,\u001b[39m\n\u001b[31m+   1324,\u001b[39m\n\u001b[31m+   728,\u001b[39m\n\u001b[31m+   1038,\u001b[39m\n\u001b[31m+   751,\u001b[39m\n\u001b[31m+   1324,\u001b[39m\n\u001b[31m+   754,\u001b[39m\n\u001b[31m+   725,\u001b[39m\n\u001b[31m+ ]\u001b[39m","name":"toEqual","pass":false}}],"failureMessages":["Error: \u001b[2mexpect(\u001b[22m\u001b[31mreceived\u001b[39m\u001b[2m).\u001b[22mtoEqual\u001b[2m(\u001b[22m\u001b[32mexpected\u001b[39m\u001b[2m) // deep equality\u001b[22m\n\n\u001b[32m- Expected  -  1\u001b[39m\n\u001b[31m+ Received  + 13\u001b[39m\n\n\u001b[32m- Array []\u001b[39m\n\u001b[31m+ Array [\u001b[39m\n\u001b[31m+   1324,\u001b[39m\n\u001b[31m+   728,\u001b[39m\n\u001b[31m+   751,\u001b[39m\n\u001b[31m+   390,\u001b[39m\n\u001b[31m+   1324,\u001b[39m\n\u001b[31m+   728,\u001b[39m\n\u001b[31m+   1038,\u001b[39m\n\u001b[31m+   751,\u001b[39m\n\u001b[31m+   1324,\u001b[39m\n\u001b[31m+   754,\u001b[39m\n\u001b[31m+   725,\u001b[39m\n\u001b[31m+ ]\u001b[39m\n    at Object.<anonymous> (C:\\git\\torn-faction-hof\\src\\components\\council\\CouncilUtil.test.ts:16:38)\n    at Promise.finally.completed (C:\\git\\torn-faction-hof\\node_modules\\jest-circus\\build\\jestAdapterInit.js:1559:28)\n    at new Promise (<anonymous>)\n    at callAsyncCircusFn (C:\\git\\torn-faction-hof\\node_modules\\jest-circus\\build\\jestAdapterInit.js:1499:10)\n    at _callCircusTest (C:\\git\\torn-faction-hof\\node_modules\\jest-circus\\build\\jestAdapterInit.js:1009:40)\n    at processTicksAndRejections (node:internal/process/task_queues:95:5)\n    at async _runTest (C:\\git\\torn-faction-hof\\node_modules\\jest-circus\\build\\jestAdapterInit.js:949:3)\n    at async _runTestsForDescribeBlock (C:\\git\\torn-faction-hof\\node_modules\\jest-circus\\build\\jestAdapterInit.js:839:13)\n    at async _runTestsForDescribeBlock (C:\\git\\torn-faction-hof\\node_modules\\jest-circus\\build\\jestAdapterInit.js:829:11)\n    at async run (C:\\git\\torn-faction-hof\\node_modules\\jest-circus\\build\\jestAdapterInit.js:757:3)\n    at async runAndTransformResultsToJestFormat (C:\\git\\torn-faction-hof\\node_modules\\jest-circus\\build\\jestAdapterInit.js:1920:21)\n    at async jestAdapter (C:\\git\\torn-faction-hof\\node_modules\\jest-circus\\build\\runner.js:101:19)\n    at async runTestInternal (C:\\git\\torn-faction-hof\\node_modules\\jest-runner\\build\\index.js:275:16)\n    at async runTest (C:\\git\\torn-faction-hof\\node_modules\\jest-runner\\build\\index.js:343:7)"],"fullName":"PASSCODE obfuscation should obfuscate correctly","invocations":1,"location":null,"numPassingAsserts":0,"retryReasons":[],"startAt":1754219348968,"status":"failed","title":"should obfuscate correctly"}],"endTime":1754219349001,"message":"\u001b[1m\u001b[31m  \u001b[1m● \u001b[22m\u001b[1mPASSCODE obfuscation › should correctly decode the obfuscated passcode to 'con-council'\u001b[39m\u001b[22m\n\n    \u001b[2mexpect(\u001b[22m\u001b[31mreceived\u001b[39m\u001b[2m).\u001b[22mtoBe\u001b[2m(\u001b[22m\u001b[32mexpected\u001b[39m\u001b[2m) // Object.is equality\u001b[22m\n\n    Expected: \u001b[32m\"con-council\"\u001b[39m\n    Received: \u001b[31m\"¾§º#¾§©º¾¥ \"\u001b[39m\n\u001b[2m\u001b[22m\n\u001b[2m    \u001b[0m \u001b[90m 3 |\u001b[39m describe(\u001b[32m\"PASSCODE obfuscation\"\u001b[39m\u001b[33m,\u001b[39m () \u001b[33m=>\u001b[39m {\u001b[22m\n\u001b[2m     \u001b[90m 4 |\u001b[39m   it(\u001b[32m\"should correctly decode the obfuscated passcode to 'con-council'\"\u001b[39m\u001b[33m,\u001b[39m () \u001b[33m=>\u001b[39m {\u001b[22m\n\u001b[2m    \u001b[31m\u001b[1m>\u001b[22m\u001b[2m\u001b[39m\u001b[90m 5 |\u001b[39m     expect(\u001b[33mPASSCODE\u001b[39m)\u001b[33m.\u001b[39mtoBe(\u001b[32m\"con-council\"\u001b[39m)\u001b[33m;\u001b[39m\u001b[22m\n\u001b[2m     \u001b[90m   |\u001b[39m                      \u001b[31m\u001b[1m^\u001b[22m\u001b[2m\u001b[39m\u001b[22m\n\u001b[2m     \u001b[90m 6 |\u001b[39m   })\u001b[33m;\u001b[39m\u001b[22m\n\u001b[2m     \u001b[90m 7 |\u001b[39m\u001b[22m\n\u001b[2m     \u001b[90m 8 |\u001b[39m   it(\u001b[32m\"should obfuscate correctly\"\u001b[39m\u001b[33m,\u001b[39m () \u001b[33m=>\u001b[39m {\u001b[0m\u001b[22m\n\u001b[2m\u001b[22m\n\u001b[2m      \u001b[2mat Object.<anonymous> (\u001b[22m\u001b[2m\u001b[0m\u001b[36msrc/components/council/CouncilUtil.test.ts\u001b[39m\u001b[0m\u001b[2m:5:22)\u001b[22m\u001b[2m\u001b[22m\n\n\u001b[1m\u001b[31m  \u001b[1m● \u001b[22m\u001b[1mPASSCODE obfuscation › should obfuscate correctly\u001b[39m\u001b[22m\n\n    \u001b[2mexpect(\u001b[22m\u001b[31mreceived\u001b[39m\u001b[2m).\u001b[22mtoEqual\u001b[2m(\u001b[22m\u001b[32mexpected\u001b[39m\u001b[2m) // deep equality\u001b[22m\n\n    \u001b[32m- Expected  -  1\u001b[39m\n    \u001b[31m+ Received  + 13\u001b[39m\n\n    \u001b[32m- Array []\u001b[39m\n    \u001b[31m+ Array [\u001b[39m\n    \u001b[31m+   1324,\u001b[39m\n    \u001b[31m+   728,\u001b[39m\n    \u001b[31m+   751,\u001b[39m\n    \u001b[31m+   390,\u001b[39m\n    \u001b[31m+   1324,\u001b[39m\n    \u001b[31m+   728,\u001b[39m\n    \u001b[31m+   1038,\u001b[39m\n    \u001b[31m+   751,\u001b[39m\n    \u001b[31m+   1324,\u001b[39m\n    \u001b[31m+   754,\u001b[39m\n    \u001b[31m+   725,\u001b[39m\n    \u001b[31m+ ]\u001b[39m\n\u001b[2m\u001b[22m\n\u001b[2m    \u001b[0m \u001b[90m 14 |\u001b[39m     }\u001b[33m;\u001b[39m\u001b[22m\n\u001b[2m     \u001b[90m 15 |\u001b[39m\u001b[22m\n\u001b[2m    \u001b[31m\u001b[1m>\u001b[22m\u001b[2m\u001b[39m\u001b[90m 16 |\u001b[39m     expect(obfuscate(\u001b[32m'con-council'\u001b[39m))\u001b[33m.\u001b[39mtoEqual([])\u001b[33m;\u001b[39m\u001b[22m\n\u001b[2m     \u001b[90m    |\u001b[39m                                      \u001b[31m\u001b[1m^\u001b[22m\u001b[2m\u001b[39m\u001b[22m\n\u001b[2m     \u001b[90m 17 |\u001b[39m   })\u001b[33m;\u001b[39m\u001b[22m\n\u001b[2m     \u001b[90m 18 |\u001b[39m\u001b[22m\n\u001b[2m     \u001b[90m 19 |\u001b[39m })\u001b[33m;\u001b[39m\u001b[0m\u001b[22m\n\u001b[2m\u001b[22m\n\u001b[2m      \u001b[2mat Object.<anonymous> (\u001b[22m\u001b[2m\u001b[0m\u001b[36msrc/components/council/CouncilUtil.test.ts\u001b[39m\u001b[0m\u001b[2m:16:38)\u001b[22m\u001b[2m\u001b[22m\n","name":"C:\\git\\torn-faction-hof\\src\\components\\council\\CouncilUtil.test.ts","startTime":1754219346579,"status":"failed","summary":""}],"wasInterrupted":false}
